{
  "RSpec": {
    "coverage": {
      "/Users/seiichi/lesson/everydayrailsrspec/everydayrails-rspec-2017/app/controllers/home_controller.rb": [
        1,
        null,
        1,
        null,
        1,
        null,
        null
      ],
      "/Users/seiichi/lesson/everydayrailsrspec/everydayrails-rspec-2017/app/controllers/application_controller.rb": [
        1,
        1,
        null,
        1,
        null,
        1,
        null,
        1,
        4,
        null,
        null,
        1,
        13,
        4,
        null,
        null,
        null
      ],
      "/Users/seiichi/lesson/everydayrailsrspec/everydayrails-rspec-2017/app/controllers/notes_controller.rb": [
        1,
        1,
        1,
        1,
        null,
        null,
        null,
        1,
        0,
        null,
        null,
        null,
        null,
        1,
        null,
        null,
        null,
        1,
        0,
        null,
        null,
        null,
        1,
        null,
        null,
        null,
        null,
        1,
        0,
        null,
        0,
        0,
        0,
        0,
        null,
        0,
        0,
        null,
        null,
        null,
        null,
        null,
        null,
        1,
        0,
        0,
        0,
        0,
        null,
        0,
        0,
        null,
        null,
        null,
        null,
        null,
        null,
        1,
        0,
        0,
        0,
        0,
        null,
        null,
        null,
        1,
        null,
        1,
        0,
        null,
        null,
        null,
        1,
        0,
        null,
        null
      ],
      "/Users/seiichi/lesson/everydayrailsrspec/everydayrails-rspec-2017/app/controllers/projects_controller.rb": [
        1,
        1,
        1,
        null,
        null,
        null,
        1,
        4,
        null,
        null,
        null,
        null,
        1,
        null,
        null,
        null,
        1,
        2,
        null,
        null,
        null,
        1,
        null,
        null,
        null,
        null,
        1,
        5,
        null,
        5,
        5,
        6,
        3,
        null,
        4,
        2,
        null,
        null,
        null,
        null,
        null,
        null,
        1,
        1,
        1,
        2,
        1,
        null,
        0,
        0,
        null,
        null,
        null,
        null,
        null,
        null,
        1,
        1,
        1,
        2,
        1,
        null,
        null,
        null,
        1,
        null,
        1,
        9,
        null,
        null,
        null,
        1,
        6,
        null,
        null
      ],
      "/Users/seiichi/lesson/everydayrailsrspec/everydayrails-rspec-2017/app/controllers/tasks_controller.rb": [
        1,
        1,
        1,
        1,
        null,
        null,
        null,
        1,
        0,
        null,
        null,
        null,
        null,
        1,
        null,
        null,
        null,
        1,
        0,
        null,
        null,
        null,
        1,
        null,
        null,
        null,
        null,
        1,
        1,
        null,
        1,
        1,
        1,
        2,
        null,
        0,
        0,
        null,
        null,
        null,
        null,
        null,
        null,
        1,
        0,
        0,
        0,
        0,
        null,
        0,
        0,
        null,
        null,
        null,
        null,
        null,
        null,
        1,
        0,
        0,
        0,
        0,
        null,
        null,
        null,
        1,
        2,
        null,
        null,
        1,
        null,
        1,
        3,
        null,
        null,
        null,
        1,
        1,
        null,
        null
      ],
      "/Users/seiichi/lesson/everydayrailsrspec/everydayrails-rspec-2017/app/models/note.rb": [
        1,
        1,
        1,
        null,
        1,
        null,
        1,
        null,
        1,
        3,
        null,
        null,
        1,
        null,
        1,
        null,
        null,
        null,
        null,
        null,
        null,
        null,
        null,
        null
      ],
      "/Users/seiichi/lesson/everydayrailsrspec/everydayrails-rspec-2017/app/models/project.rb": [
        1,
        1,
        null,
        1,
        1,
        1,
        null,
        1,
        3,
        null,
        null
      ],
      "/Users/seiichi/lesson/everydayrailsrspec/everydayrails-rspec-2017/app/models/task.rb": [
        1,
        1,
        null,
        1,
        1,
        null
      ],
      "/Users/seiichi/lesson/everydayrailsrspec/everydayrails-rspec-2017/app/mailers/user_mailer.rb": [
        1,
        1,
        null,
        1,
        37,
        37,
        null,
        null
      ],
      "/Users/seiichi/lesson/everydayrailsrspec/everydayrails-rspec-2017/app/mailers/application_mailer.rb": [
        1,
        1,
        1,
        null
      ],
      "/Users/seiichi/lesson/everydayrailsrspec/everydayrails-rspec-2017/app/controllers/api/projects_controller.rb": [
        1,
        1,
        null,
        1,
        null,
        1,
        1,
        1,
        null,
        null,
        1,
        1,
        1,
        null,
        null,
        1,
        1,
        null,
        1,
        1,
        null,
        0,
        null,
        null,
        null,
        1,
        null,
        1,
        3,
        3,
        3,
        3,
        null,
        0,
        0,
        null,
        null,
        null,
        1,
        1,
        null,
        null,
        null
      ],
      "/Users/seiichi/lesson/everydayrailsrspec/everydayrails-rspec-2017/app/models/application_record.rb": [
        0,
        0,
        0
      ],
      "/Users/seiichi/lesson/everydayrailsrspec/everydayrails-rspec-2017/app/models/user.rb": [
        0,
        null,
        null,
        0,
        0,
        null,
        0,
        0,
        null,
        0,
        0,
        null,
        0,
        0,
        null,
        0,
        0,
        0,
        null,
        0,
        0,
        0,
        0,
        0,
        0,
        null,
        0,
        0,
        0,
        null,
        0,
        0,
        0,
        null,
        0,
        null,
        0,
        0,
        0,
        0,
        0,
        null,
        0,
        0,
        0,
        0,
        0,
        0,
        null,
        0,
        0,
        0,
        0
      ],
      "/Users/seiichi/lesson/everydayrailsrspec/everydayrails-rspec-2017/app/jobs/geocode_user_job.rb": [
        0,
        0,
        null,
        0,
        0,
        0,
        0
      ],
      "/Users/seiichi/lesson/everydayrailsrspec/everydayrails-rspec-2017/app/jobs/application_job.rb": [
        0,
        0
      ],
      "/Users/seiichi/lesson/everydayrailsrspec/everydayrails-rspec-2017/app/controllers/registrations_controller.rb": [
        0,
        null,
        0,
        null,
        0,
        0,
        0,
        0,
        null,
        0,
        0,
        0,
        0,
        0
      ],
      "/Users/seiichi/lesson/everydayrailsrspec/everydayrails-rspec-2017/app/helpers/projects_helper.rb": [
        0,
        0
      ],
      "/Users/seiichi/lesson/everydayrailsrspec/everydayrails-rspec-2017/app/helpers/notes_helper.rb": [
        0,
        0
      ],
      "/Users/seiichi/lesson/everydayrailsrspec/everydayrails-rspec-2017/app/helpers/tasks_helper.rb": [
        0,
        0
      ],
      "/Users/seiichi/lesson/everydayrailsrspec/everydayrails-rspec-2017/app/helpers/api/projects_helper.rb": [
        0,
        0
      ],
      "/Users/seiichi/lesson/everydayrailsrspec/everydayrails-rspec-2017/app/helpers/home_helper.rb": [
        0,
        0
      ],
      "/Users/seiichi/lesson/everydayrailsrspec/everydayrails-rspec-2017/app/helpers/application_helper.rb": [
        0,
        0,
        0,
        0,
        0,
        0,
        0,
        0
      ],
      "/Users/seiichi/lesson/everydayrailsrspec/everydayrails-rspec-2017/app/channels/application_cable/connection.rb": [
        0,
        0,
        0,
        0
      ],
      "/Users/seiichi/lesson/everydayrailsrspec/everydayrails-rspec-2017/app/channels/application_cable/channel.rb": [
        0,
        0,
        0,
        0
      ]
    },
    "timestamp": 1535348019
  }
}
